c:\users\caden\downloads\semtex\obj\semtex\debug\vc143.pdb
c:\users\caden\downloads\semtex\obj\semtex\debug\vc143.idb
c:\users\caden\downloads\semtex\obj\semtex\debug\button.obj
c:\users\caden\downloads\semtex\obj\semtex\debug\formmanager.obj
c:\users\caden\downloads\semtex\obj\semtex\debug\application.obj
c:\users\caden\downloads\semtex\obj\semtex\debug\modules.obj
c:\users\caden\downloads\semtex\obj\semtex\debug\image.obj
c:\users\caden\downloads\semtex\obj\semtex\debug\disolx64.obj
c:\users\caden\downloads\semtex\obj\semtex\debug\disolx86.obj
c:\users\caden\downloads\semtex\obj\semtex\debug\disasm.obj
c:\users\caden\downloads\semtex\obj\semtex\debug\creatwth.obj
c:\users\caden\downloads\semtex\obj\semtex\debug\detours.obj
c:\users\caden\downloads\semtex\obj\semtex\debug\visuals.obj
c:\users\caden\downloads\semtex\obj\semtex\debug\world.obj
c:\users\caden\downloads\semtex\obj\semtex\debug\entities.obj
c:\users\caden\downloads\semtex\obj\semtex\debug\memory.obj
c:\users\caden\downloads\semtex\obj\semtex\debug\pattern.obj
c:\users\caden\downloads\semtex\obj\semtex\debug\menu_controls.obj
c:\users\caden\downloads\semtex\obj\semtex\debug\menu.obj
c:\users\caden\downloads\semtex\obj\semtex\debug\renderer.obj
c:\users\caden\downloads\semtex\obj\semtex\debug\hooks.obj
c:\users\caden\downloads\semtex\obj\semtex\debug\dllmain.obj
c:\users\caden\downloads\semtex\obj\semtex\debug\scrollbar.obj
c:\users\caden\downloads\semtex\obj\semtex\debug\radiobutton.obj
c:\users\caden\downloads\semtex\obj\semtex\debug\progressbar.obj
c:\users\caden\downloads\semtex\obj\semtex\debug\picturebox.obj
c:\users\caden\downloads\semtex\obj\semtex\debug\panel.obj
c:\users\caden\downloads\semtex\obj\semtex\debug\multicombobox.obj
c:\users\caden\downloads\semtex\obj\semtex\debug\messagebox.obj
c:\users\caden\downloads\semtex\obj\semtex\debug\listbox.obj
c:\users\caden\downloads\semtex\obj\semtex\debug\linklabel.obj
c:\users\caden\downloads\semtex\obj\semtex\debug\label.obj
c:\users\caden\downloads\semtex\obj\semtex\debug\hotkeycontrol.obj
c:\users\caden\downloads\semtex\obj\semtex\debug\groupbox.obj
c:\users\caden\downloads\semtex\obj\semtex\debug\form.obj
c:\users\caden\downloads\semtex\obj\semtex\debug\control.obj
c:\users\caden\downloads\semtex\obj\semtex\debug\combolist.obj
c:\users\caden\downloads\semtex\obj\semtex\debug\combobox.obj
c:\users\caden\downloads\semtex\obj\semtex\debug\colorpicker.obj
c:\users\caden\downloads\semtex\obj\semtex\debug\colorbutton.obj
c:\users\caden\downloads\semtex\obj\semtex\debug\colorbar.obj
c:\users\caden\downloads\semtex\obj\semtex\debug\checkbox.obj
c:\users\caden\downloads\semtex\obj\semtex\debug\geometrybuffer.obj
c:\users\caden\downloads\semtex\obj\semtex\debug\freetypefont.obj
c:\users\caden\downloads\semtex\obj\semtex\debug\fontmanager.obj
c:\users\caden\downloads\semtex\obj\semtex\debug\font.obj
c:\users\caden\downloads\semtex\obj\semtex\debug\customizableimage.obj
c:\users\caden\downloads\semtex\obj\semtex\debug\colorrectangle.obj
c:\users\caden\downloads\semtex\obj\semtex\debug\color.obj
c:\users\caden\downloads\semtex\obj\semtex\debug\wait.obj
c:\users\caden\downloads\semtex\obj\semtex\debug\pipette.obj
c:\users\caden\downloads\semtex\obj\semtex\debug\pen.obj
c:\users\caden\downloads\semtex\obj\semtex\debug\ibeam.obj
c:\users\caden\downloads\semtex\obj\semtex\debug\hand.obj
c:\users\caden\downloads\semtex\obj\semtex\debug\cursors.obj
c:\users\caden\downloads\semtex\obj\semtex\debug\cursor.obj
c:\users\caden\downloads\semtex\obj\semtex\debug\circle.obj
c:\users\caden\downloads\semtex\obj\semtex\debug\trackbar.obj
c:\users\caden\downloads\semtex\obj\semtex\debug\timer.obj
c:\users\caden\downloads\semtex\obj\semtex\debug\textbox.obj
c:\users\caden\downloads\semtex\obj\semtex\debug\tabpage.obj
c:\users\caden\downloads\semtex\obj\semtex\debug\tabcontrol.obj
c:\users\caden\downloads\semtex\obj\semtex\debug\texthelper.obj
c:\users\caden\downloads\semtex\obj\semtex\debug\strings.obj
c:\users\caden\downloads\semtex\obj\semtex\debug\rawdatacontainer.obj
c:\users\caden\downloads\semtex\obj\semtex\debug\exceptions.obj
c:\users\caden\downloads\semtex\obj\semtex\debug\datetime.obj
c:\users\caden\downloads\semtex\obj\semtex\debug\windowsmessagethreaded.obj
c:\users\caden\downloads\semtex\obj\semtex\debug\windowsmessage.obj
c:\users\caden\downloads\semtex\obj\semtex\debug\openglviewporttarget.obj
c:\users\caden\downloads\semtex\obj\semtex\debug\opengltexturetarget.obj
c:\users\caden\downloads\semtex\obj\semtex\debug\opengltexture.obj
c:\users\caden\downloads\semtex\obj\semtex\debug\openglrenderer.obj
c:\users\caden\downloads\semtex\obj\semtex\debug\openglgeometrybuffer.obj
c:\users\caden\downloads\semtex\obj\semtex\debug\vector.obj
c:\users\caden\downloads\semtex\obj\semtex\debug\style.obj
c:\users\caden\downloads\semtex\obj\semtex\debug\rendertarget.obj
c:\users\caden\downloads\semtex\obj\semtex\debug\rendersurface.obj
c:\users\caden\downloads\semtex\obj\semtex\debug\renderqueue.obj
c:\users\caden\downloads\semtex\obj\semtex\debug\imagegraphics.obj
c:\users\caden\downloads\semtex\obj\semtex\debug\graphics.obj
c:\users\caden\downloads\semtex\obj\semtex\debug\pluginpng.obj
c:\users\caden\downloads\semtex\obj\semtex\debug\pluginjpeg.obj
c:\users\caden\downloads\semtex\obj\semtex\debug\pluginbmp.obj
c:\users\caden\downloads\semtex\obj\semtex\debug\stream.obj
c:\users\caden\downloads\semtex\obj\semtex\debug\flip.obj
c:\users\caden\downloads\semtex\obj\semtex\debug\convert.obj
c:\users\caden\downloads\semtex\obj\semtex\debug\imageloader.obj
c:\users\caden\downloads\semtex\obj\semtex\debug\imagedata.obj
c:\users\caden\downloads\semtex\obj\semtex\debug\timespan.obj
c:\users\caden\downloads\semtex\obj\semtex\debug\semtex_input.obj
c:\users\caden\downloads\semtex\obj\semtex\debug\glew.obj
c:\users\caden\downloads\semtex\obj\semtex\debug\oshgui_imageloader.obj
c:\users\caden\downloads\semtex\obj\semtex\debug\input.obj
c:\users\caden\downloads\semtex\obj\semtex\debug\fttype1.obj
c:\users\caden\downloads\semtex\obj\semtex\debug\ftsystem.obj
c:\users\caden\downloads\semtex\obj\semtex\debug\ftsynth.obj
c:\users\caden\downloads\semtex\obj\semtex\debug\ftstroke.obj
c:\users\caden\downloads\semtex\obj\semtex\debug\ftpfr.obj
c:\users\caden\downloads\semtex\obj\semtex\debug\ftotval.obj
c:\users\caden\downloads\semtex\obj\semtex\debug\ftmm.obj
c:\users\caden\downloads\semtex\obj\semtex\debug\ftlcdfil.obj
c:\users\caden\downloads\semtex\obj\semtex\debug\ftinit.obj
c:\users\caden\downloads\semtex\obj\semtex\debug\ftgxval.obj
c:\users\caden\downloads\semtex\obj\semtex\debug\ftglyph.obj
c:\users\caden\downloads\semtex\obj\semtex\debug\ftgasp.obj
c:\users\caden\downloads\semtex\obj\semtex\debug\ftfstype.obj
c:\users\caden\downloads\semtex\obj\semtex\debug\ftdebug.obj
c:\users\caden\downloads\semtex\obj\semtex\debug\ftcid.obj
c:\users\caden\downloads\semtex\obj\semtex\debug\ftbitmap.obj
c:\users\caden\downloads\semtex\obj\semtex\debug\ftbdf.obj
c:\users\caden\downloads\semtex\obj\semtex\debug\ftbbox.obj
c:\users\caden\downloads\semtex\obj\semtex\debug\ftbase.obj
c:\users\caden\downloads\semtex\obj\semtex\debug\autofit.obj
c:\users\caden\downloads\semtex\obj\semtex\debug\winfnt.obj
c:\users\caden\downloads\semtex\obj\semtex\debug\type42.obj
c:\users\caden\downloads\semtex\obj\semtex\debug\type1.obj
c:\users\caden\downloads\semtex\obj\semtex\debug\truetype.obj
c:\users\caden\downloads\semtex\obj\semtex\debug\smooth.obj
c:\users\caden\downloads\semtex\obj\semtex\debug\sfnt.obj
c:\users\caden\downloads\semtex\obj\semtex\debug\raster.obj
c:\users\caden\downloads\semtex\obj\semtex\debug\psmodule.obj
c:\users\caden\downloads\semtex\obj\semtex\debug\pshinter.obj
c:\users\caden\downloads\semtex\obj\semtex\debug\psaux.obj
c:\users\caden\downloads\semtex\obj\semtex\debug\pfr.obj
c:\users\caden\downloads\semtex\obj\semtex\debug\pcf.obj
c:\users\caden\downloads\semtex\obj\semtex\debug\ftlzw.obj
c:\users\caden\downloads\semtex\obj\semtex\debug\ftgzip.obj
c:\users\caden\downloads\semtex\obj\semtex\debug\type1cid.obj
c:\users\caden\downloads\semtex\obj\semtex\debug\cff.obj
c:\users\caden\downloads\semtex\obj\semtex\debug\ftcache.obj
c:\users\caden\downloads\semtex\obj\semtex\debug\bdf.obj
c:\users\caden\downloads\semtex\obj\semtex\debug\ftwinfnt.obj
c:\users\caden\downloads\semtex\bin\debug\semtex.dll
c:\users\caden\downloads\semtex\bin\debug\semtex.pdb
c:\users\caden\downloads\semtex\obj\semtex\debug\semtex.ilk
c:\users\caden\downloads\semtex\obj\semtex\debug\semtex.vcxproj.filelistabsolute.txt
c:\users\caden\downloads\semtex\obj\semtex\debug\semtex.tlog\cl.command.1.tlog
c:\users\caden\downloads\semtex\obj\semtex\debug\semtex.tlog\cl.items.tlog
c:\users\caden\downloads\semtex\obj\semtex\debug\semtex.tlog\cl.read.1.tlog
c:\users\caden\downloads\semtex\obj\semtex\debug\semtex.tlog\cl.write.1.tlog
c:\users\caden\downloads\semtex\obj\semtex\debug\semtex.tlog\link.command.1.tlog
c:\users\caden\downloads\semtex\obj\semtex\debug\semtex.tlog\link.read.1.tlog
c:\users\caden\downloads\semtex\obj\semtex\debug\semtex.tlog\link.secondary.1.tlog
c:\users\caden\downloads\semtex\obj\semtex\debug\semtex.tlog\link.write.1.tlog
