c:\users\caden\downloads\semtexprivate\semtex\obj\semtex\release\formmanager.obj
c:\users\caden\downloads\semtexprivate\semtex\obj\semtex\release\application.obj
c:\users\caden\downloads\semtexprivate\semtex\obj\semtex\release\modules.obj
c:\users\caden\downloads\semtexprivate\semtex\obj\semtex\release\image.obj
c:\users\caden\downloads\semtexprivate\semtex\obj\semtex\release\disolx64.obj
c:\users\caden\downloads\semtexprivate\semtex\obj\semtex\release\disolx86.obj
c:\users\caden\downloads\semtexprivate\semtex\obj\semtex\release\disasm.obj
c:\users\caden\downloads\semtexprivate\semtex\obj\semtex\release\creatwth.obj
c:\users\caden\downloads\semtexprivate\semtex\obj\semtex\release\detours.obj
c:\users\caden\downloads\semtexprivate\semtex\obj\semtex\release\visuals.obj
c:\users\caden\downloads\semtexprivate\semtex\obj\semtex\release\world.obj
c:\users\caden\downloads\semtexprivate\semtex\obj\semtex\release\entities.obj
c:\users\caden\downloads\semtexprivate\semtex\obj\semtex\release\memory.obj
c:\users\caden\downloads\semtexprivate\semtex\obj\semtex\release\pattern.obj
c:\users\caden\downloads\semtexprivate\semtex\obj\semtex\release\menu_controls.obj
c:\users\caden\downloads\semtexprivate\semtex\obj\semtex\release\menu.obj
c:\users\caden\downloads\semtexprivate\semtex\obj\semtex\release\renderer.obj
c:\users\caden\downloads\semtexprivate\semtex\obj\semtex\release\hooks.obj
c:\users\caden\downloads\semtexprivate\semtex\obj\semtex\release\dllmain.obj
c:\users\caden\downloads\semtexprivate\semtex\obj\semtex\release\radiobutton.obj
c:\users\caden\downloads\semtexprivate\semtex\obj\semtex\release\progressbar.obj
c:\users\caden\downloads\semtexprivate\semtex\obj\semtex\release\picturebox.obj
c:\users\caden\downloads\semtexprivate\semtex\obj\semtex\release\panel.obj
c:\users\caden\downloads\semtexprivate\semtex\obj\semtex\release\multicombobox.obj
c:\users\caden\downloads\semtexprivate\semtex\obj\semtex\release\messagebox.obj
c:\users\caden\downloads\semtexprivate\semtex\obj\semtex\release\listbox.obj
c:\users\caden\downloads\semtexprivate\semtex\obj\semtex\release\linklabel.obj
c:\users\caden\downloads\semtexprivate\semtex\obj\semtex\release\label.obj
c:\users\caden\downloads\semtexprivate\semtex\obj\semtex\release\hotkeycontrol.obj
c:\users\caden\downloads\semtexprivate\semtex\obj\semtex\release\groupbox.obj
c:\users\caden\downloads\semtexprivate\semtex\obj\semtex\release\form.obj
c:\users\caden\downloads\semtexprivate\semtex\obj\semtex\release\control.obj
c:\users\caden\downloads\semtexprivate\semtex\obj\semtex\release\combolist.obj
c:\users\caden\downloads\semtexprivate\semtex\obj\semtex\release\combobox.obj
c:\users\caden\downloads\semtexprivate\semtex\obj\semtex\release\colorpicker.obj
c:\users\caden\downloads\semtexprivate\semtex\obj\semtex\release\colorbutton.obj
c:\users\caden\downloads\semtexprivate\semtex\obj\semtex\release\colorbar.obj
c:\users\caden\downloads\semtexprivate\semtex\obj\semtex\release\checkbox.obj
c:\users\caden\downloads\semtexprivate\semtex\obj\semtex\release\button.obj
c:\users\caden\downloads\semtexprivate\semtex\obj\semtex\release\freetypefont.obj
c:\users\caden\downloads\semtexprivate\semtex\obj\semtex\release\fontmanager.obj
c:\users\caden\downloads\semtexprivate\semtex\obj\semtex\release\font.obj
c:\users\caden\downloads\semtexprivate\semtex\obj\semtex\release\customizableimage.obj
c:\users\caden\downloads\semtexprivate\semtex\obj\semtex\release\colorrectangle.obj
c:\users\caden\downloads\semtexprivate\semtex\obj\semtex\release\color.obj
c:\users\caden\downloads\semtexprivate\semtex\obj\semtex\release\wait.obj
c:\users\caden\downloads\semtexprivate\semtex\obj\semtex\release\pipette.obj
c:\users\caden\downloads\semtexprivate\semtex\obj\semtex\release\pen.obj
c:\users\caden\downloads\semtexprivate\semtex\obj\semtex\release\ibeam.obj
c:\users\caden\downloads\semtexprivate\semtex\obj\semtex\release\hand.obj
c:\users\caden\downloads\semtexprivate\semtex\obj\semtex\release\cursors.obj
c:\users\caden\downloads\semtexprivate\semtex\obj\semtex\release\cursor.obj
c:\users\caden\downloads\semtexprivate\semtex\obj\semtex\release\circle.obj
c:\users\caden\downloads\semtexprivate\semtex\obj\semtex\release\trackbar.obj
c:\users\caden\downloads\semtexprivate\semtex\obj\semtex\release\timer.obj
c:\users\caden\downloads\semtexprivate\semtex\obj\semtex\release\textbox.obj
c:\users\caden\downloads\semtexprivate\semtex\obj\semtex\release\tabpage.obj
c:\users\caden\downloads\semtexprivate\semtex\obj\semtex\release\tabcontrol.obj
c:\users\caden\downloads\semtexprivate\semtex\obj\semtex\release\scrollbar.obj
c:\users\caden\downloads\semtexprivate\semtex\obj\semtex\release\strings.obj
c:\users\caden\downloads\semtexprivate\semtex\obj\semtex\release\rawdatacontainer.obj
c:\users\caden\downloads\semtexprivate\semtex\obj\semtex\release\exceptions.obj
c:\users\caden\downloads\semtexprivate\semtex\obj\semtex\release\datetime.obj
c:\users\caden\downloads\semtexprivate\semtex\obj\semtex\release\windowsmessagethreaded.obj
c:\users\caden\downloads\semtexprivate\semtex\obj\semtex\release\windowsmessage.obj
c:\users\caden\downloads\semtexprivate\semtex\obj\semtex\release\openglviewporttarget.obj
c:\users\caden\downloads\semtexprivate\semtex\obj\semtex\release\opengltexturetarget.obj
c:\users\caden\downloads\semtexprivate\semtex\obj\semtex\release\opengltexture.obj
c:\users\caden\downloads\semtexprivate\semtex\obj\semtex\release\openglrenderer.obj
c:\users\caden\downloads\semtexprivate\semtex\obj\semtex\release\openglgeometrybuffer.obj
c:\users\caden\downloads\semtexprivate\semtex\obj\semtex\release\vector.obj
c:\users\caden\downloads\semtexprivate\semtex\obj\semtex\release\style.obj
c:\users\caden\downloads\semtexprivate\semtex\obj\semtex\release\rendertarget.obj
c:\users\caden\downloads\semtexprivate\semtex\obj\semtex\release\rendersurface.obj
c:\users\caden\downloads\semtexprivate\semtex\obj\semtex\release\renderqueue.obj
c:\users\caden\downloads\semtexprivate\semtex\obj\semtex\release\imagegraphics.obj
c:\users\caden\downloads\semtexprivate\semtex\obj\semtex\release\graphics.obj
c:\users\caden\downloads\semtexprivate\semtex\obj\semtex\release\geometrybuffer.obj
c:\users\caden\downloads\semtexprivate\semtex\obj\semtex\release\pluginpng.obj
c:\users\caden\downloads\semtexprivate\semtex\obj\semtex\release\pluginjpeg.obj
c:\users\caden\downloads\semtexprivate\semtex\obj\semtex\release\pluginbmp.obj
c:\users\caden\downloads\semtexprivate\semtex\obj\semtex\release\stream.obj
c:\users\caden\downloads\semtexprivate\semtex\obj\semtex\release\flip.obj
c:\users\caden\downloads\semtexprivate\semtex\obj\semtex\release\convert.obj
c:\users\caden\downloads\semtexprivate\semtex\obj\semtex\release\imageloader.obj
c:\users\caden\downloads\semtexprivate\semtex\obj\semtex\release\imagedata.obj
c:\users\caden\downloads\semtexprivate\semtex\obj\semtex\release\timespan.obj
c:\users\caden\downloads\semtexprivate\semtex\obj\semtex\release\texthelper.obj
c:\users\caden\downloads\semtexprivate\semtex\obj\semtex\release\vc143.pdb
c:\users\caden\downloads\semtexprivate\semtex\obj\semtex\release\glew.obj
c:\users\caden\downloads\semtexprivate\semtex\obj\semtex\release\oshgui_imageloader.obj
c:\users\caden\downloads\semtexprivate\semtex\obj\semtex\release\input.obj
c:\users\caden\downloads\semtexprivate\semtex\obj\semtex\release\fttype1.obj
c:\users\caden\downloads\semtexprivate\semtex\obj\semtex\release\ftsystem.obj
c:\users\caden\downloads\semtexprivate\semtex\obj\semtex\release\ftsynth.obj
c:\users\caden\downloads\semtexprivate\semtex\obj\semtex\release\ftstroke.obj
c:\users\caden\downloads\semtexprivate\semtex\obj\semtex\release\ftpfr.obj
c:\users\caden\downloads\semtexprivate\semtex\obj\semtex\release\ftotval.obj
c:\users\caden\downloads\semtexprivate\semtex\obj\semtex\release\ftmm.obj
c:\users\caden\downloads\semtexprivate\semtex\obj\semtex\release\ftlcdfil.obj
c:\users\caden\downloads\semtexprivate\semtex\obj\semtex\release\ftinit.obj
c:\users\caden\downloads\semtexprivate\semtex\obj\semtex\release\ftgxval.obj
c:\users\caden\downloads\semtexprivate\semtex\obj\semtex\release\ftglyph.obj
c:\users\caden\downloads\semtexprivate\semtex\obj\semtex\release\ftgasp.obj
c:\users\caden\downloads\semtexprivate\semtex\obj\semtex\release\ftfstype.obj
c:\users\caden\downloads\semtexprivate\semtex\obj\semtex\release\ftdebug.obj
c:\users\caden\downloads\semtexprivate\semtex\obj\semtex\release\ftcid.obj
c:\users\caden\downloads\semtexprivate\semtex\obj\semtex\release\ftbitmap.obj
c:\users\caden\downloads\semtexprivate\semtex\obj\semtex\release\ftbdf.obj
c:\users\caden\downloads\semtexprivate\semtex\obj\semtex\release\ftbbox.obj
c:\users\caden\downloads\semtexprivate\semtex\obj\semtex\release\ftbase.obj
c:\users\caden\downloads\semtexprivate\semtex\obj\semtex\release\autofit.obj
c:\users\caden\downloads\semtexprivate\semtex\obj\semtex\release\winfnt.obj
c:\users\caden\downloads\semtexprivate\semtex\obj\semtex\release\type42.obj
c:\users\caden\downloads\semtexprivate\semtex\obj\semtex\release\type1.obj
c:\users\caden\downloads\semtexprivate\semtex\obj\semtex\release\truetype.obj
c:\users\caden\downloads\semtexprivate\semtex\obj\semtex\release\smooth.obj
c:\users\caden\downloads\semtexprivate\semtex\obj\semtex\release\sfnt.obj
c:\users\caden\downloads\semtexprivate\semtex\obj\semtex\release\raster.obj
c:\users\caden\downloads\semtexprivate\semtex\obj\semtex\release\psmodule.obj
c:\users\caden\downloads\semtexprivate\semtex\obj\semtex\release\pshinter.obj
c:\users\caden\downloads\semtexprivate\semtex\obj\semtex\release\psaux.obj
c:\users\caden\downloads\semtexprivate\semtex\obj\semtex\release\pfr.obj
c:\users\caden\downloads\semtexprivate\semtex\obj\semtex\release\pcf.obj
c:\users\caden\downloads\semtexprivate\semtex\obj\semtex\release\ftlzw.obj
c:\users\caden\downloads\semtexprivate\semtex\obj\semtex\release\ftgzip.obj
c:\users\caden\downloads\semtexprivate\semtex\obj\semtex\release\type1cid.obj
c:\users\caden\downloads\semtexprivate\semtex\obj\semtex\release\cff.obj
c:\users\caden\downloads\semtexprivate\semtex\obj\semtex\release\ftcache.obj
c:\users\caden\downloads\semtexprivate\semtex\obj\semtex\release\bdf.obj
c:\users\caden\downloads\semtexprivate\semtex\obj\semtex\release\ftwinfnt.obj
c:\users\caden\downloads\semtexprivate\semtex\obj\semtex\release\movement.obj
c:\users\caden\downloads\semtexprivate\semtex\obj\semtex\release\aimbot.obj
c:\users\caden\downloads\semtexprivate\semtex\obj\semtex\release\semtex_input.obj
c:\users\caden\downloads\semtexprivate\semtex\obj\semtex\release\norecoil.obj
c:\users\caden\downloads\semtexprivate\semtex\obj\semtex\release\cl_runtime.obj
c:\users\caden\downloads\semtexprivate\semtex\bin\release\semtex.dll
c:\users\caden\downloads\semtexprivate\semtex\bin\release\semtex.pdb
c:\users\caden\downloads\semtexprivate\semtex\obj\semtex\release\semtex.ipdb
c:\users\caden\downloads\semtexprivate\semtex\obj\semtex\release\semtex.iobj
c:\users\caden\downloads\semtexprivate\semtex\obj\semtex\release\semtex.vcxproj.filelistabsolute.txt
c:\users\caden\downloads\semtexprivate\semtex\obj\semtex\release\semtex.tlog\cl.command.1.tlog
c:\users\caden\downloads\semtexprivate\semtex\obj\semtex\release\semtex.tlog\cl.items.tlog
c:\users\caden\downloads\semtexprivate\semtex\obj\semtex\release\semtex.tlog\cl.read.1.tlog
c:\users\caden\downloads\semtexprivate\semtex\obj\semtex\release\semtex.tlog\cl.write.1.tlog
c:\users\caden\downloads\semtexprivate\semtex\obj\semtex\release\semtex.tlog\link.command.1.tlog
c:\users\caden\downloads\semtexprivate\semtex\obj\semtex\release\semtex.tlog\link.read.1.tlog
c:\users\caden\downloads\semtexprivate\semtex\obj\semtex\release\semtex.tlog\link.secondary.1.tlog
c:\users\caden\downloads\semtexprivate\semtex\obj\semtex\release\semtex.tlog\link.write.1.tlog
